W0121 20:51:58.935000 13541 site-packages/torch/distributed/run.py:793] 
W0121 20:51:58.935000 13541 site-packages/torch/distributed/run.py:793] *****************************************
W0121 20:51:58.935000 13541 site-packages/torch/distributed/run.py:793] Setting OMP_NUM_THREADS environment variable for each process to be 1 in default, to avoid your system being overloaded, please further tune the variable for optimal performance in your application as needed. 
W0121 20:51:58.935000 13541 site-packages/torch/distributed/run.py:793] *****************************************
Epoch [1], Batch [0/4125], Loss: 7.3150
Epoch [1], Batch [5/4125], Loss: 7.2196
Epoch [1], Batch [10/4125], Loss: 7.2795
Epoch [1], Batch [15/4125], Loss: 7.2254
Epoch [1], Batch [20/4125], Loss: 7.2439
Epoch [1], Batch [25/4125], Loss: 7.2472
Epoch [1], Batch [30/4125], Loss: 7.2726
Epoch [1], Batch [35/4125], Loss: 7.2217
Epoch [1], Batch [40/4125], Loss: 7.2434
Epoch [1], Batch [45/4125], Loss: 7.1871
Epoch [1], Batch [50/4125], Loss: 7.1607
Epoch [1], Batch [55/4125], Loss: 7.1382
Epoch [1], Batch [60/4125], Loss: 7.1295
Epoch [1], Batch [65/4125], Loss: 7.0859
Epoch [1], Batch [70/4125], Loss: 7.0887
Epoch [1], Batch [75/4125], Loss: 7.0813
Epoch [1], Batch [80/4125], Loss: 7.0978
Epoch [1], Batch [85/4125], Loss: 6.9739
Epoch [1], Batch [90/4125], Loss: 6.9735
Epoch [1], Batch [95/4125], Loss: 6.9741
Epoch [1], Batch [100/4125], Loss: 6.8366
Epoch [1], Batch [105/4125], Loss: 6.8503
Epoch [1], Batch [110/4125], Loss: 6.7945
Epoch [1], Batch [115/4125], Loss: 6.7628
Epoch [1], Batch [120/4125], Loss: 6.7131
Epoch [1], Batch [125/4125], Loss: 6.7007
Epoch [1], Batch [130/4125], Loss: 6.6576
Epoch [1], Batch [135/4125], Loss: 6.5584
Epoch [1], Batch [140/4125], Loss: 6.5453
Epoch [1], Batch [145/4125], Loss: 6.5048
Epoch [1], Batch [150/4125], Loss: 6.4590
Epoch [1], Batch [155/4125], Loss: 6.4678
Epoch [1], Batch [160/4125], Loss: 6.3877
Epoch [1], Batch [165/4125], Loss: 6.3060
Epoch [1], Batch [170/4125], Loss: 6.4033
Epoch [1], Batch [175/4125], Loss: 6.3156
Epoch [1], Batch [180/4125], Loss: 6.2035
Epoch [1], Batch [185/4125], Loss: 6.2590
Epoch [1], Batch [190/4125], Loss: 6.2451
Epoch [1], Batch [195/4125], Loss: 6.1215
Epoch [1], Batch [200/4125], Loss: 6.3034
Epoch [1], Batch [205/4125], Loss: 6.2283
Epoch [1], Batch [210/4125], Loss: 6.1597
Epoch [1], Batch [215/4125], Loss: 6.2468
Epoch [1], Batch [220/4125], Loss: 6.2150
Epoch [1], Batch [225/4125], Loss: 6.1508
Epoch [1], Batch [230/4125], Loss: 6.1107
Epoch [1], Batch [235/4125], Loss: 6.2256
Epoch [1], Batch [240/4125], Loss: 6.1568
Epoch [1], Batch [245/4125], Loss: 6.1432
Epoch [1], Batch [250/4125], Loss: 6.0999
Epoch [1], Batch [255/4125], Loss: 6.1201
Epoch [1], Batch [260/4125], Loss: 6.0976
Epoch [1], Batch [265/4125], Loss: 6.1090
Epoch [1], Batch [270/4125], Loss: 6.1113
Epoch [1], Batch [275/4125], Loss: 6.1077
Epoch [1], Batch [280/4125], Loss: 6.0814
Epoch [1], Batch [285/4125], Loss: 6.1556
Epoch [1], Batch [290/4125], Loss: 6.0929
Epoch [1], Batch [295/4125], Loss: 6.0250
Epoch [1], Batch [300/4125], Loss: 5.9445
Epoch [1], Batch [305/4125], Loss: 6.0501
Epoch [1], Batch [310/4125], Loss: 6.0732
Epoch [1], Batch [315/4125], Loss: 6.1417
Epoch [1], Batch [320/4125], Loss: 6.1038
Epoch [1], Batch [325/4125], Loss: 6.0703
Epoch [1], Batch [330/4125], Loss: 5.9718
Epoch [1], Batch [335/4125], Loss: 6.0083
Epoch [1], Batch [340/4125], Loss: 6.0158
Epoch [1], Batch [345/4125], Loss: 6.1359
Epoch [1], Batch [350/4125], Loss: 5.9934
Epoch [1], Batch [355/4125], Loss: 6.0206
Epoch [1], Batch [360/4125], Loss: 6.0298
Epoch [1], Batch [365/4125], Loss: 6.0110
Epoch [1], Batch [370/4125], Loss: 5.9792
Epoch [1], Batch [375/4125], Loss: 5.9736
Epoch [1], Batch [380/4125], Loss: 6.0093
Epoch [1], Batch [385/4125], Loss: 5.9519
Epoch [1], Batch [390/4125], Loss: 6.0311
Epoch [1], Batch [395/4125], Loss: 6.0241
Epoch [1], Batch [400/4125], Loss: 6.0543
Epoch [1], Batch [405/4125], Loss: 6.0572
Epoch [1], Batch [410/4125], Loss: 5.9459
Epoch [1], Batch [415/4125], Loss: 6.0331
Epoch [1], Batch [420/4125], Loss: 6.0020
Epoch [1], Batch [425/4125], Loss: 6.0125
Epoch [1], Batch [430/4125], Loss: 5.8482
Epoch [1], Batch [435/4125], Loss: 5.9424
Epoch [1], Batch [440/4125], Loss: 5.9405
Epoch [1], Batch [445/4125], Loss: 5.9297
Epoch [1], Batch [450/4125], Loss: 6.0051
Epoch [1], Batch [455/4125], Loss: 5.8968
Epoch [1], Batch [460/4125], Loss: 6.0456
Epoch [1], Batch [465/4125], Loss: 5.8958
Epoch [1], Batch [470/4125], Loss: 6.0010
Epoch [1], Batch [475/4125], Loss: 5.9328
Epoch [1], Batch [480/4125], Loss: 5.9861
Epoch [1], Batch [485/4125], Loss: 5.8649
Epoch [1], Batch [490/4125], Loss: 5.9180
Epoch [1], Batch [495/4125], Loss: 5.9859
Epoch [1], Batch [500/4125], Loss: 5.9585
Epoch [1], Batch [505/4125], Loss: 5.9822
Epoch [1], Batch [510/4125], Loss: 5.9875
Epoch [1], Batch [515/4125], Loss: 5.9415
Epoch [1], Batch [520/4125], Loss: 5.9418
Epoch [1], Batch [525/4125], Loss: 5.9374
Epoch [1], Batch [530/4125], Loss: 5.8713
Epoch [1], Batch [535/4125], Loss: 5.9343
Epoch [1], Batch [540/4125], Loss: 5.7991
Epoch [1], Batch [545/4125], Loss: 5.8039
Epoch [1], Batch [550/4125], Loss: 5.7444
Epoch [1], Batch [555/4125], Loss: 5.8865
Epoch [1], Batch [560/4125], Loss: 5.9381
Epoch [1], Batch [565/4125], Loss: 5.9093
Epoch [1], Batch [570/4125], Loss: 5.8564
Epoch [1], Batch [575/4125], Loss: 5.9379
Epoch [1], Batch [580/4125], Loss: 5.8074
Epoch [1], Batch [585/4125], Loss: 5.7921
Epoch [1], Batch [590/4125], Loss: 5.9469
Epoch [1], Batch [595/4125], Loss: 5.8851
Epoch [1], Batch [600/4125], Loss: 5.7544
Epoch [1], Batch [605/4125], Loss: 5.8439
Epoch [1], Batch [610/4125], Loss: 5.8983
Epoch [1], Batch [615/4125], Loss: 5.8779
Epoch [1], Batch [620/4125], Loss: 5.8195
Epoch [1], Batch [625/4125], Loss: 5.8464
Epoch [1], Batch [630/4125], Loss: 5.7415
Epoch [1], Batch [635/4125], Loss: 5.7816
Epoch [1], Batch [640/4125], Loss: 5.8586
Epoch [1], Batch [645/4125], Loss: 5.7902
Epoch [1], Batch [650/4125], Loss: 5.8044
Epoch [1], Batch [655/4125], Loss: 5.6491
Epoch [1], Batch [660/4125], Loss: 5.7903
Epoch [1], Batch [665/4125], Loss: 5.7849
Epoch [1], Batch [670/4125], Loss: 5.8421
Epoch [1], Batch [675/4125], Loss: 5.9055
Epoch [1], Batch [680/4125], Loss: 5.8378
Epoch [1], Batch [685/4125], Loss: 5.7433
Epoch [1], Batch [690/4125], Loss: 5.7537
Epoch [1], Batch [695/4125], Loss: 5.7357
Epoch [1], Batch [700/4125], Loss: 5.8386
Epoch [1], Batch [705/4125], Loss: 5.7129
Epoch [1], Batch [710/4125], Loss: 5.8688
Epoch [1], Batch [715/4125], Loss: 5.7399
Epoch [1], Batch [720/4125], Loss: 5.6879
Epoch [1], Batch [725/4125], Loss: 5.7352
Epoch [1], Batch [730/4125], Loss: 5.8473
Epoch [1], Batch [735/4125], Loss: 5.7816
Epoch [1], Batch [740/4125], Loss: 5.7025
Epoch [1], Batch [745/4125], Loss: 5.8014
Epoch [1], Batch [750/4125], Loss: 5.7149
Epoch [1], Batch [755/4125], Loss: 5.8373
Epoch [1], Batch [760/4125], Loss: 5.8434
Epoch [1], Batch [765/4125], Loss: 5.7087
Epoch [1], Batch [770/4125], Loss: 5.7631
Epoch [1], Batch [775/4125], Loss: 5.6619
Epoch [1], Batch [780/4125], Loss: 5.7515
Epoch [1], Batch [785/4125], Loss: 5.7355
Epoch [1], Batch [790/4125], Loss: 5.7184
Epoch [1], Batch [795/4125], Loss: 5.8302
Epoch [1], Batch [800/4125], Loss: 5.7190
Epoch [1], Batch [805/4125], Loss: 5.7134
Epoch [1], Batch [810/4125], Loss: 5.7033
Epoch [1], Batch [815/4125], Loss: 5.8672
Epoch [1], Batch [820/4125], Loss: 5.6760
Epoch [1], Batch [825/4125], Loss: 5.6939
Epoch [1], Batch [830/4125], Loss: 5.6923
Epoch [1], Batch [835/4125], Loss: 5.7041
Epoch [1], Batch [840/4125], Loss: 5.6890
Epoch [1], Batch [845/4125], Loss: 5.7205
Epoch [1], Batch [850/4125], Loss: 5.7417
Epoch [1], Batch [855/4125], Loss: 5.7149
Epoch [1], Batch [860/4125], Loss: 5.6686
Epoch [1], Batch [865/4125], Loss: 5.7849
Epoch [1], Batch [870/4125], Loss: 5.7088
Epoch [1], Batch [875/4125], Loss: 5.6522
Epoch [1], Batch [880/4125], Loss: 5.6792
Epoch [1], Batch [885/4125], Loss: 5.7327
Epoch [1], Batch [890/4125], Loss: 5.6376
Epoch [1], Batch [895/4125], Loss: 5.6706
Epoch [1], Batch [900/4125], Loss: 5.6934
Epoch [1], Batch [905/4125], Loss: 5.7414
Epoch [1], Batch [910/4125], Loss: 5.6090
Epoch [1], Batch [915/4125], Loss: 5.7293
Epoch [1], Batch [920/4125], Loss: 5.6222
Epoch [1], Batch [925/4125], Loss: 5.6219
Epoch [1], Batch [930/4125], Loss: 5.6839
Epoch [1], Batch [935/4125], Loss: 5.6600
Epoch [1], Batch [940/4125], Loss: 5.6446
Epoch [1], Batch [945/4125], Loss: 5.7001
Epoch [1], Batch [950/4125], Loss: 5.6585
Epoch [1], Batch [955/4125], Loss: 5.7435
Epoch [1], Batch [960/4125], Loss: 5.6778
Epoch [1], Batch [965/4125], Loss: 5.7668
Epoch [1], Batch [970/4125], Loss: 5.7089
Epoch [1], Batch [975/4125], Loss: 5.6964
Epoch [1], Batch [980/4125], Loss: 5.6456
Epoch [1], Batch [985/4125], Loss: 5.7378
Epoch [1], Batch [990/4125], Loss: 5.6633
Epoch [1], Batch [995/4125], Loss: 5.6660
Epoch [1], Batch [1000/4125], Loss: 5.5917
Epoch [1], Batch [1005/4125], Loss: 5.6450
Epoch [1], Batch [1010/4125], Loss: 5.7069
Epoch [1], Batch [1015/4125], Loss: 5.7039
Epoch [1], Batch [1020/4125], Loss: 5.6217
Epoch [1], Batch [1025/4125], Loss: 5.6581
Epoch [1], Batch [1030/4125], Loss: 5.6117
Epoch [1], Batch [1035/4125], Loss: 5.6705
Epoch [1], Batch [1040/4125], Loss: 5.7265
Epoch [1], Batch [1045/4125], Loss: 5.6311
Epoch [1], Batch [1050/4125], Loss: 5.6932
Epoch [1], Batch [1055/4125], Loss: 5.6035
Epoch [1], Batch [1060/4125], Loss: 5.7440
Epoch [1], Batch [1065/4125], Loss: 5.6668
Epoch [1], Batch [1070/4125], Loss: 5.6072
Epoch [1], Batch [1075/4125], Loss: 5.7163
Epoch [1], Batch [1080/4125], Loss: 5.6865
Epoch [1], Batch [1085/4125], Loss: 5.6704
Epoch [1], Batch [1090/4125], Loss: 5.6552
Epoch [1], Batch [1095/4125], Loss: 5.5482
Epoch [1], Batch [1100/4125], Loss: 5.5949
Epoch [1], Batch [1105/4125], Loss: 5.6240
Epoch [1], Batch [1110/4125], Loss: 5.6950
Epoch [1], Batch [1115/4125], Loss: 5.6121
Epoch [1], Batch [1120/4125], Loss: 5.6572
Epoch [1], Batch [1125/4125], Loss: 5.5275
Epoch [1], Batch [1130/4125], Loss: 5.5925
Epoch [1], Batch [1135/4125], Loss: 5.6503
Epoch [1], Batch [1140/4125], Loss: 5.6401
Epoch [1], Batch [1145/4125], Loss: 5.6704
Epoch [1], Batch [1150/4125], Loss: 5.5510
Epoch [1], Batch [1155/4125], Loss: 5.5872
Epoch [1], Batch [1160/4125], Loss: 5.6155
Epoch [1], Batch [1165/4125], Loss: 5.6095
Epoch [1], Batch [1170/4125], Loss: 5.6175
Epoch [1], Batch [1175/4125], Loss: 5.5833
Epoch [1], Batch [1180/4125], Loss: 5.5801
Epoch [1], Batch [1185/4125], Loss: 5.6282
Epoch [1], Batch [1190/4125], Loss: 5.5597
Epoch [1], Batch [1195/4125], Loss: 5.6043
Epoch [1], Batch [1200/4125], Loss: 5.5640
Epoch [1], Batch [1205/4125], Loss: 5.6380
Epoch [1], Batch [1210/4125], Loss: 5.5780
Epoch [1], Batch [1215/4125], Loss: 5.5570
Epoch [1], Batch [1220/4125], Loss: 5.6624
Epoch [1], Batch [1225/4125], Loss: 5.5501
Epoch [1], Batch [1230/4125], Loss: 5.5775
Epoch [1], Batch [1235/4125], Loss: 5.5428
Epoch [1], Batch [1240/4125], Loss: 5.5671
Epoch [1], Batch [1245/4125], Loss: 5.6471
Epoch [1], Batch [1250/4125], Loss: 5.5411
Epoch [1], Batch [1255/4125], Loss: 5.6980
Epoch [1], Batch [1260/4125], Loss: 5.5751
Epoch [1], Batch [1265/4125], Loss: 5.6424
Epoch [1], Batch [1270/4125], Loss: 5.6085
Epoch [1], Batch [1275/4125], Loss: 5.5936
Epoch [1], Batch [1280/4125], Loss: 5.5377
Epoch [1], Batch [1285/4125], Loss: 5.5755
Epoch [1], Batch [1290/4125], Loss: 5.5980
Epoch [1], Batch [1295/4125], Loss: 5.5730
Epoch [1], Batch [1300/4125], Loss: 5.6169
Epoch [1], Batch [1305/4125], Loss: 5.5263
Epoch [1], Batch [1310/4125], Loss: 5.5646
Epoch [1], Batch [1315/4125], Loss: 5.5499
Epoch [1], Batch [1320/4125], Loss: 5.6288
Epoch [1], Batch [1325/4125], Loss: 5.5377
Epoch [1], Batch [1330/4125], Loss: 5.5967
Epoch [1], Batch [1335/4125], Loss: 5.5882
Epoch [1], Batch [1340/4125], Loss: 5.6105
Epoch [1], Batch [1345/4125], Loss: 5.5462
Epoch [1], Batch [1350/4125], Loss: 5.5861
Epoch [1], Batch [1355/4125], Loss: 5.5301
Epoch [1], Batch [1360/4125], Loss: 5.5833
Epoch [1], Batch [1365/4125], Loss: 5.5995
Epoch [1], Batch [1370/4125], Loss: 5.5683
Epoch [1], Batch [1375/4125], Loss: 5.5828
Epoch [1], Batch [1380/4125], Loss: 5.5259
Epoch [1], Batch [1385/4125], Loss: 5.5364
Epoch [1], Batch [1390/4125], Loss: 5.6357
Epoch [1], Batch [1395/4125], Loss: 5.6276
Epoch [1], Batch [1400/4125], Loss: 5.6336
Epoch [1], Batch [1405/4125], Loss: 5.5517
Epoch [1], Batch [1410/4125], Loss: 5.5449
Epoch [1], Batch [1415/4125], Loss: 5.5803
Epoch [1], Batch [1420/4125], Loss: 5.6250
Epoch [1], Batch [1425/4125], Loss: 5.5104
Epoch [1], Batch [1430/4125], Loss: 5.5626
Epoch [1], Batch [1435/4125], Loss: 5.4731
Epoch [1], Batch [1440/4125], Loss: 5.4723
Epoch [1], Batch [1445/4125], Loss: 5.5673
Epoch [1], Batch [1450/4125], Loss: 5.5915
Epoch [1], Batch [1455/4125], Loss: 5.5143
Epoch [1], Batch [1460/4125], Loss: 5.6354
Epoch [1], Batch [1465/4125], Loss: 5.4575
Epoch [1], Batch [1470/4125], Loss: 5.6334
Epoch [1], Batch [1475/4125], Loss: 5.5453
Epoch [1], Batch [1480/4125], Loss: 5.5399
Epoch [1], Batch [1485/4125], Loss: 5.5794
Epoch [1], Batch [1490/4125], Loss: 5.4525
Epoch [1], Batch [1495/4125], Loss: 5.5770
Epoch [1], Batch [1500/4125], Loss: 5.4936
Epoch [1], Batch [1505/4125], Loss: 5.4984
Epoch [1], Batch [1510/4125], Loss: 5.5524
Epoch [1], Batch [1515/4125], Loss: 5.5908
Epoch [1], Batch [1520/4125], Loss: 5.5869
Epoch [1], Batch [1525/4125], Loss: 5.5190
Epoch [1], Batch [1530/4125], Loss: 5.5373
Epoch [1], Batch [1535/4125], Loss: 5.4664
Epoch [1], Batch [1540/4125], Loss: 5.5566
Epoch [1], Batch [1545/4125], Loss: 5.4920
Epoch [1], Batch [1550/4125], Loss: 5.5198
Epoch [1], Batch [1555/4125], Loss: 5.5553
Epoch [1], Batch [1560/4125], Loss: 5.5320
Epoch [1], Batch [1565/4125], Loss: 5.4170
Epoch [1], Batch [1570/4125], Loss: 5.5107
Epoch [1], Batch [1575/4125], Loss: 5.4658
Epoch [1], Batch [1580/4125], Loss: 5.5584
Epoch [1], Batch [1585/4125], Loss: 5.4901
Epoch [1], Batch [1590/4125], Loss: 5.5591
Epoch [1], Batch [1595/4125], Loss: 5.4913
Epoch [1], Batch [1600/4125], Loss: 5.4832
Epoch [1], Batch [1605/4125], Loss: 5.5623
Epoch [1], Batch [1610/4125], Loss: 5.4884
Epoch [1], Batch [1615/4125], Loss: 5.4952
Epoch [1], Batch [1620/4125], Loss: 5.5327
Epoch [1], Batch [1625/4125], Loss: 5.5186
Epoch [1], Batch [1630/4125], Loss: 5.6396
Epoch [1], Batch [1635/4125], Loss: 5.6489
Epoch [1], Batch [1640/4125], Loss: 5.5055
Epoch [1], Batch [1645/4125], Loss: 5.5422
Epoch [1], Batch [1650/4125], Loss: 5.4968
Epoch [1], Batch [1655/4125], Loss: 5.5339
Epoch [1], Batch [1660/4125], Loss: 5.4767
Epoch [1], Batch [1665/4125], Loss: 5.4683
Epoch [1], Batch [1670/4125], Loss: 5.4733
Epoch [1], Batch [1675/4125], Loss: 5.4792
Epoch [1], Batch [1680/4125], Loss: 5.5064
Epoch [1], Batch [1685/4125], Loss: 5.5017
Epoch [1], Batch [1690/4125], Loss: 5.5749
Epoch [1], Batch [1695/4125], Loss: 5.5713
Epoch [1], Batch [1700/4125], Loss: 5.5265
Epoch [1], Batch [1705/4125], Loss: 5.5047
Epoch [1], Batch [1710/4125], Loss: 5.5349
Epoch [1], Batch [1715/4125], Loss: 5.5600
Epoch [1], Batch [1720/4125], Loss: 5.5230
Epoch [1], Batch [1725/4125], Loss: 5.5678
Epoch [1], Batch [1730/4125], Loss: 5.5592
Epoch [1], Batch [1735/4125], Loss: 5.4744
Epoch [1], Batch [1740/4125], Loss: 5.4949
Epoch [1], Batch [1745/4125], Loss: 5.5898
Epoch [1], Batch [1750/4125], Loss: 5.4881
Epoch [1], Batch [1755/4125], Loss: 5.5453
Epoch [1], Batch [1760/4125], Loss: 5.5022
Epoch [1], Batch [1765/4125], Loss: 5.5235
Epoch [1], Batch [1770/4125], Loss: 5.5433
Epoch [1], Batch [1775/4125], Loss: 5.5163
Epoch [1], Batch [1780/4125], Loss: 5.4675
Epoch [1], Batch [1785/4125], Loss: 5.5293
Epoch [1], Batch [1790/4125], Loss: 5.4958
Epoch [1], Batch [1795/4125], Loss: 5.5560
Epoch [1], Batch [1800/4125], Loss: 5.5464
Epoch [1], Batch [1805/4125], Loss: 5.4640
Epoch [1], Batch [1810/4125], Loss: 5.5873
Epoch [1], Batch [1815/4125], Loss: 5.5039
Epoch [1], Batch [1820/4125], Loss: 5.6266
Epoch [1], Batch [1825/4125], Loss: 5.4453
Epoch [1], Batch [1830/4125], Loss: 5.4732
Epoch [1], Batch [1835/4125], Loss: 5.4836
Epoch [1], Batch [1840/4125], Loss: 5.5595
Epoch [1], Batch [1845/4125], Loss: 5.4863
Epoch [1], Batch [1850/4125], Loss: 5.5295
Epoch [1], Batch [1855/4125], Loss: 5.5245
Epoch [1], Batch [1860/4125], Loss: 5.4753
Epoch [1], Batch [1865/4125], Loss: 5.4820
Epoch [1], Batch [1870/4125], Loss: 5.5826
Epoch [1], Batch [1875/4125], Loss: 5.4981
Epoch [1], Batch [1880/4125], Loss: 5.4955
Epoch [1], Batch [1885/4125], Loss: 5.5182
Epoch [1], Batch [1890/4125], Loss: 5.5411
Epoch [1], Batch [1895/4125], Loss: 5.4879
Epoch [1], Batch [1900/4125], Loss: 5.4864
Epoch [1], Batch [1905/4125], Loss: 5.5370
Epoch [1], Batch [1910/4125], Loss: 5.5539
Epoch [1], Batch [1915/4125], Loss: 5.5178
Epoch [1], Batch [1920/4125], Loss: 5.5093
Epoch [1], Batch [1925/4125], Loss: 5.5055
Epoch [1], Batch [1930/4125], Loss: 5.4751
Epoch [1], Batch [1935/4125], Loss: 5.4684
Epoch [1], Batch [1940/4125], Loss: 5.5074
Epoch [1], Batch [1945/4125], Loss: 5.3950
Epoch [1], Batch [1950/4125], Loss: 5.5486
Epoch [1], Batch [1955/4125], Loss: 5.4857
Epoch [1], Batch [1960/4125], Loss: 5.4824
Epoch [1], Batch [1965/4125], Loss: 5.5199
Epoch [1], Batch [1970/4125], Loss: 5.5169
Epoch [1], Batch [1975/4125], Loss: 5.4083
Epoch [1], Batch [1980/4125], Loss: 5.4112
Epoch [1], Batch [1985/4125], Loss: 5.4513
Epoch [1], Batch [1990/4125], Loss: 5.5029
Epoch [1], Batch [1995/4125], Loss: 5.5102
Epoch [1], Batch [2000/4125], Loss: 5.4835
Epoch [1], Batch [2005/4125], Loss: 5.5530
Epoch [1], Batch [2010/4125], Loss: 5.5123
Epoch [1], Batch [2015/4125], Loss: 5.4842
Epoch [1], Batch [2020/4125], Loss: 5.5474
Epoch [1], Batch [2025/4125], Loss: 5.4916
Epoch [1], Batch [2030/4125], Loss: 5.4910
Epoch [1], Batch [2035/4125], Loss: 5.5411
Epoch [1], Batch [2040/4125], Loss: 5.5755
Epoch [1], Batch [2045/4125], Loss: 5.4079
Epoch [1], Batch [2050/4125], Loss: 5.4757
Epoch [1], Batch [2055/4125], Loss: 5.5201
Epoch [1], Batch [2060/4125], Loss: 5.4386
Epoch [1], Batch [2065/4125], Loss: 5.4433
Epoch [1], Batch [2070/4125], Loss: 5.6223
Epoch [1], Batch [2075/4125], Loss: 5.4964
Epoch [1], Batch [2080/4125], Loss: 5.4890
Epoch [1], Batch [2085/4125], Loss: 5.4697
Epoch [1], Batch [2090/4125], Loss: 5.4572
Epoch [1], Batch [2095/4125], Loss: 5.5346
Epoch [1], Batch [2100/4125], Loss: 5.5212
Epoch [1], Batch [2105/4125], Loss: 5.4887
Epoch [1], Batch [2110/4125], Loss: 5.4833
Epoch [1], Batch [2115/4125], Loss: 5.5630
Epoch [1], Batch [2120/4125], Loss: 5.5131
Epoch [1], Batch [2125/4125], Loss: 5.5327
Epoch [1], Batch [2130/4125], Loss: 5.5158
Epoch [1], Batch [2135/4125], Loss: 5.5143
Epoch [1], Batch [2140/4125], Loss: 5.4368
Epoch [1], Batch [2145/4125], Loss: 5.4204
Epoch [1], Batch [2150/4125], Loss: 5.4956
Epoch [1], Batch [2155/4125], Loss: 5.4995
Epoch [1], Batch [2160/4125], Loss: 5.4258
Epoch [1], Batch [2165/4125], Loss: 5.4427
Epoch [1], Batch [2170/4125], Loss: 5.5513
Epoch [1], Batch [2175/4125], Loss: 5.4142
Epoch [1], Batch [2180/4125], Loss: 5.5243
Epoch [1], Batch [2185/4125], Loss: 5.5277
Epoch [1], Batch [2190/4125], Loss: 5.5272
Epoch [1], Batch [2195/4125], Loss: 5.4244
Epoch [1], Batch [2200/4125], Loss: 5.4357
Epoch [1], Batch [2205/4125], Loss: 5.4817
Epoch [1], Batch [2210/4125], Loss: 5.4882
Epoch [1], Batch [2215/4125], Loss: 5.4982
Epoch [1], Batch [2220/4125], Loss: 5.5377
Epoch [1], Batch [2225/4125], Loss: 5.5176
Epoch [1], Batch [2230/4125], Loss: 5.4380
Epoch [1], Batch [2235/4125], Loss: 5.4726
Epoch [1], Batch [2240/4125], Loss: 5.4417
Epoch [1], Batch [2245/4125], Loss: 5.5323
Epoch [1], Batch [2250/4125], Loss: 5.4377
Epoch [1], Batch [2255/4125], Loss: 5.4880
Epoch [1], Batch [2260/4125], Loss: 5.4807
Epoch [1], Batch [2265/4125], Loss: 5.5627
Epoch [1], Batch [2270/4125], Loss: 5.5555
Epoch [1], Batch [2275/4125], Loss: 5.5934
Epoch [1], Batch [2280/4125], Loss: 5.4498
Epoch [1], Batch [2285/4125], Loss: 5.4639
Epoch [1], Batch [2290/4125], Loss: 5.4937
Epoch [1], Batch [2295/4125], Loss: 5.4656
Epoch [1], Batch [2300/4125], Loss: 5.4734
Epoch [1], Batch [2305/4125], Loss: 5.5413
Epoch [1], Batch [2310/4125], Loss: 5.5059
Epoch [1], Batch [2315/4125], Loss: 5.4872
Epoch [1], Batch [2320/4125], Loss: 5.4666
Epoch [1], Batch [2325/4125], Loss: 5.4596
Epoch [1], Batch [2330/4125], Loss: 5.5631
Epoch [1], Batch [2335/4125], Loss: 5.4428
Epoch [1], Batch [2340/4125], Loss: 5.5044
Epoch [1], Batch [2345/4125], Loss: 5.4986
Epoch [1], Batch [2350/4125], Loss: 5.5442
Epoch [1], Batch [2355/4125], Loss: 5.4946
Epoch [1], Batch [2360/4125], Loss: 5.4786
Epoch [1], Batch [2365/4125], Loss: 5.4595
Epoch [1], Batch [2370/4125], Loss: 5.4080
Epoch [1], Batch [2375/4125], Loss: 5.4204
Epoch [1], Batch [2380/4125], Loss: 5.5250
Epoch [1], Batch [2385/4125], Loss: 5.4900
Epoch [1], Batch [2390/4125], Loss: 5.4773
Epoch [1], Batch [2395/4125], Loss: 5.4860
Epoch [1], Batch [2400/4125], Loss: 5.5414
Epoch [1], Batch [2405/4125], Loss: 5.4730
Epoch [1], Batch [2410/4125], Loss: 5.5322
Epoch [1], Batch [2415/4125], Loss: 5.4836
Epoch [1], Batch [2420/4125], Loss: 5.4557
Epoch [1], Batch [2425/4125], Loss: 5.4558
Epoch [1], Batch [2430/4125], Loss: 5.4333
Epoch [1], Batch [2435/4125], Loss: 5.4721
Epoch [1], Batch [2440/4125], Loss: 5.4200
Epoch [1], Batch [2445/4125], Loss: 5.4862
Epoch [1], Batch [2450/4125], Loss: 5.4826
Epoch [1], Batch [2455/4125], Loss: 5.6263
Epoch [1], Batch [2460/4125], Loss: 5.4442
Epoch [1], Batch [2465/4125], Loss: 5.5145
Epoch [1], Batch [2470/4125], Loss: 5.4624
Epoch [1], Batch [2475/4125], Loss: 5.5428
Epoch [1], Batch [2480/4125], Loss: 5.4754
Epoch [1], Batch [2485/4125], Loss: 5.4983
Epoch [1], Batch [2490/4125], Loss: 5.5043
Epoch [1], Batch [2495/4125], Loss: 5.4017
Epoch [1], Batch [2500/4125], Loss: 5.3925
Epoch [1], Batch [2505/4125], Loss: 5.4954
Epoch [1], Batch [2510/4125], Loss: 5.5335
Epoch [1], Batch [2515/4125], Loss: 5.4444
Epoch [1], Batch [2520/4125], Loss: 5.3969
Epoch [1], Batch [2525/4125], Loss: 5.4448
Epoch [1], Batch [2530/4125], Loss: 5.4406
Epoch [1], Batch [2535/4125], Loss: 5.4936
Epoch [1], Batch [2540/4125], Loss: 5.5226
Epoch [1], Batch [2545/4125], Loss: 5.4429
Epoch [1], Batch [2550/4125], Loss: 5.4755
Epoch [1], Batch [2555/4125], Loss: 5.4094
Epoch [1], Batch [2560/4125], Loss: 5.4548
Epoch [1], Batch [2565/4125], Loss: 5.4039
Epoch [1], Batch [2570/4125], Loss: 5.4210
Epoch [1], Batch [2575/4125], Loss: 5.4329
Epoch [1], Batch [2580/4125], Loss: 5.5467
Epoch [1], Batch [2585/4125], Loss: 5.3567
Epoch [1], Batch [2590/4125], Loss: 5.4507
Epoch [1], Batch [2595/4125], Loss: 5.4291
Epoch [1], Batch [2600/4125], Loss: 5.5162
Epoch [1], Batch [2605/4125], Loss: 5.5022
Epoch [1], Batch [2610/4125], Loss: 5.4734
Epoch [1], Batch [2615/4125], Loss: 5.4151
Epoch [1], Batch [2620/4125], Loss: 5.4349
Epoch [1], Batch [2625/4125], Loss: 5.4426
Epoch [1], Batch [2630/4125], Loss: 5.4392
Epoch [1], Batch [2635/4125], Loss: 5.4315
Epoch [1], Batch [2640/4125], Loss: 5.5929
Epoch [1], Batch [2645/4125], Loss: 5.4665
Epoch [1], Batch [2650/4125], Loss: 5.5005
Epoch [1], Batch [2655/4125], Loss: 5.5129
Epoch [1], Batch [2660/4125], Loss: 5.4509
Epoch [1], Batch [2665/4125], Loss: 5.4685
Epoch [1], Batch [2670/4125], Loss: 5.4518
Epoch [1], Batch [2675/4125], Loss: 5.4638
Epoch [1], Batch [2680/4125], Loss: 5.4614
Epoch [1], Batch [2685/4125], Loss: 5.4485
Epoch [1], Batch [2690/4125], Loss: 5.4279
Epoch [1], Batch [2695/4125], Loss: 5.3673
Epoch [1], Batch [2700/4125], Loss: 5.5436
Epoch [1], Batch [2705/4125], Loss: 5.4434
Epoch [1], Batch [2710/4125], Loss: 5.3871
Epoch [1], Batch [2715/4125], Loss: 5.4719
Epoch [1], Batch [2720/4125], Loss: 5.3647
Epoch [1], Batch [2725/4125], Loss: 5.4113
Epoch [1], Batch [2730/4125], Loss: 5.4553
Epoch [1], Batch [2735/4125], Loss: 5.4257
Epoch [1], Batch [2740/4125], Loss: 5.4804
Epoch [1], Batch [2745/4125], Loss: 5.5633
Epoch [1], Batch [2750/4125], Loss: 5.4432
Epoch [1], Batch [2755/4125], Loss: 5.4448
Epoch [1], Batch [2760/4125], Loss: 5.4232
Epoch [1], Batch [2765/4125], Loss: 5.4779
Epoch [1], Batch [2770/4125], Loss: 5.4716
Epoch [1], Batch [2775/4125], Loss: 5.4381
Epoch [1], Batch [2780/4125], Loss: 5.4533
Epoch [1], Batch [2785/4125], Loss: 5.4507
Epoch [1], Batch [2790/4125], Loss: 5.5175
Epoch [1], Batch [2795/4125], Loss: 5.4793
Epoch [1], Batch [2800/4125], Loss: 5.5335
Epoch [1], Batch [2805/4125], Loss: 5.4727
Epoch [1], Batch [2810/4125], Loss: 5.4773
Epoch [1], Batch [2815/4125], Loss: 5.4138
Epoch [1], Batch [2820/4125], Loss: 5.5178
Epoch [1], Batch [2825/4125], Loss: 5.4270
Epoch [1], Batch [2830/4125], Loss: 5.4102
Epoch [1], Batch [2835/4125], Loss: 5.5100
Epoch [1], Batch [2840/4125], Loss: 5.4623
Epoch [1], Batch [2845/4125], Loss: 5.5083
Epoch [1], Batch [2850/4125], Loss: 5.4964
Epoch [1], Batch [2855/4125], Loss: 5.4005
Epoch [1], Batch [2860/4125], Loss: 5.4411
Epoch [1], Batch [2865/4125], Loss: 5.4736
Epoch [1], Batch [2870/4125], Loss: 5.4436
Epoch [1], Batch [2875/4125], Loss: 5.4441
Epoch [1], Batch [2880/4125], Loss: 5.3747
Epoch [1], Batch [2885/4125], Loss: 5.5057
Epoch [1], Batch [2890/4125], Loss: 5.4703
Epoch [1], Batch [2895/4125], Loss: 5.4212
Epoch [1], Batch [2900/4125], Loss: 5.4004
Epoch [1], Batch [2905/4125], Loss: 5.4148
Epoch [1], Batch [2910/4125], Loss: 5.4377
Epoch [1], Batch [2915/4125], Loss: 5.4270
Epoch [1], Batch [2920/4125], Loss: 5.4453
Epoch [1], Batch [2925/4125], Loss: 5.4505
Epoch [1], Batch [2930/4125], Loss: 5.4699
Epoch [1], Batch [2935/4125], Loss: 5.3822
Epoch [1], Batch [2940/4125], Loss: 5.5012
Epoch [1], Batch [2945/4125], Loss: 5.4484
Epoch [1], Batch [2950/4125], Loss: 5.4797
Epoch [1], Batch [2955/4125], Loss: 5.4051
Epoch [1], Batch [2960/4125], Loss: 5.4729
Epoch [1], Batch [2965/4125], Loss: 5.4376
Epoch [1], Batch [2970/4125], Loss: 5.4238
Epoch [1], Batch [2975/4125], Loss: 5.4147
Epoch [1], Batch [2980/4125], Loss: 5.4556
Epoch [1], Batch [2985/4125], Loss: 5.3562
Epoch [1], Batch [2990/4125], Loss: 5.4880
Epoch [1], Batch [2995/4125], Loss: 5.4687
Epoch [1], Batch [3000/4125], Loss: 5.4646
Epoch [1], Batch [3005/4125], Loss: 5.4777
Epoch [1], Batch [3010/4125], Loss: 5.4166
Epoch [1], Batch [3015/4125], Loss: 5.5020
Epoch [1], Batch [3020/4125], Loss: 5.4767
Epoch [1], Batch [3025/4125], Loss: 5.3622
Epoch [1], Batch [3030/4125], Loss: 5.3888
Epoch [1], Batch [3035/4125], Loss: 5.4301
Epoch [1], Batch [3040/4125], Loss: 5.3696
Epoch [1], Batch [3045/4125], Loss: 5.4320
Epoch [1], Batch [3050/4125], Loss: 5.4389
Epoch [1], Batch [3055/4125], Loss: 5.4184
Epoch [1], Batch [3060/4125], Loss: 5.4570
Epoch [1], Batch [3065/4125], Loss: 5.3952
Epoch [1], Batch [3070/4125], Loss: 5.3529
Epoch [1], Batch [3075/4125], Loss: 5.4384
Epoch [1], Batch [3080/4125], Loss: 5.4499
Epoch [1], Batch [3085/4125], Loss: 5.5003
Epoch [1], Batch [3090/4125], Loss: 5.3953
Epoch [1], Batch [3095/4125], Loss: 5.4769
Epoch [1], Batch [3100/4125], Loss: 5.3894
Epoch [1], Batch [3105/4125], Loss: 5.4820
Epoch [1], Batch [3110/4125], Loss: 5.4207
Epoch [1], Batch [3115/4125], Loss: 5.4725
Epoch [1], Batch [3120/4125], Loss: 5.4228
Epoch [1], Batch [3125/4125], Loss: 5.4519
Epoch [1], Batch [3130/4125], Loss: 5.4851
Epoch [1], Batch [3135/4125], Loss: 5.4049
Epoch [1], Batch [3140/4125], Loss: 5.4153
Epoch [1], Batch [3145/4125], Loss: 5.4407
Epoch [1], Batch [3150/4125], Loss: 5.4235
Epoch [1], Batch [3155/4125], Loss: 5.4221
Epoch [1], Batch [3160/4125], Loss: 5.4738
Epoch [1], Batch [3165/4125], Loss: 5.4075
Epoch [1], Batch [3170/4125], Loss: 5.3787
Epoch [1], Batch [3175/4125], Loss: 5.3828
Epoch [1], Batch [3180/4125], Loss: 5.4133
Epoch [1], Batch [3185/4125], Loss: 5.4415
Epoch [1], Batch [3190/4125], Loss: 5.4859
Epoch [1], Batch [3195/4125], Loss: 5.4331
Epoch [1], Batch [3200/4125], Loss: 5.3827
Epoch [1], Batch [3205/4125], Loss: 5.4380
Epoch [1], Batch [3210/4125], Loss: 5.4551
Epoch [1], Batch [3215/4125], Loss: 5.4403
Epoch [1], Batch [3220/4125], Loss: 5.4150
Epoch [1], Batch [3225/4125], Loss: 5.4861
Epoch [1], Batch [3230/4125], Loss: 5.4408
Epoch [1], Batch [3235/4125], Loss: 5.4313
Epoch [1], Batch [3240/4125], Loss: 5.4768
Epoch [1], Batch [3245/4125], Loss: 5.3829
Epoch [1], Batch [3250/4125], Loss: 5.3785
Epoch [1], Batch [3255/4125], Loss: 5.4979
Epoch [1], Batch [3260/4125], Loss: 5.4309
Epoch [1], Batch [3265/4125], Loss: 5.4417
Epoch [1], Batch [3270/4125], Loss: 5.4636
Epoch [1], Batch [3275/4125], Loss: 5.3835
Epoch [1], Batch [3280/4125], Loss: 5.4477
Epoch [1], Batch [3285/4125], Loss: 5.4782
Epoch [1], Batch [3290/4125], Loss: 5.4582
Epoch [1], Batch [3295/4125], Loss: 5.4278
Epoch [1], Batch [3300/4125], Loss: 5.4487
Epoch [1], Batch [3305/4125], Loss: 5.4709
Epoch [1], Batch [3310/4125], Loss: 5.4457
Epoch [1], Batch [3315/4125], Loss: 5.4333
Epoch [1], Batch [3320/4125], Loss: 5.3753
Epoch [1], Batch [3325/4125], Loss: 5.3927
Epoch [1], Batch [3330/4125], Loss: 5.4317
Epoch [1], Batch [3335/4125], Loss: 5.4260
Epoch [1], Batch [3340/4125], Loss: 5.4255
Epoch [1], Batch [3345/4125], Loss: 5.4130
Epoch [1], Batch [3350/4125], Loss: 5.4366
Epoch [1], Batch [3355/4125], Loss: 5.3957
Epoch [1], Batch [3360/4125], Loss: 5.4328
Epoch [1], Batch [3365/4125], Loss: 5.4382
Epoch [1], Batch [3370/4125], Loss: 5.4315
Epoch [1], Batch [3375/4125], Loss: 5.4251
Epoch [1], Batch [3380/4125], Loss: 5.4344
Epoch [1], Batch [3385/4125], Loss: 5.4840
Epoch [1], Batch [3390/4125], Loss: 5.3220
Epoch [1], Batch [3395/4125], Loss: 5.4201
Epoch [1], Batch [3400/4125], Loss: 5.4348
Epoch [1], Batch [3405/4125], Loss: 5.4394
Epoch [1], Batch [3410/4125], Loss: 5.4680
Epoch [1], Batch [3415/4125], Loss: 5.4768
Epoch [1], Batch [3420/4125], Loss: 5.4587
Epoch [1], Batch [3425/4125], Loss: 5.4439
Epoch [1], Batch [3430/4125], Loss: 5.3893
Epoch [1], Batch [3435/4125], Loss: 5.3846
Epoch [1], Batch [3440/4125], Loss: 5.4424
Epoch [1], Batch [3445/4125], Loss: 5.4496
Epoch [1], Batch [3450/4125], Loss: 5.4142
Epoch [1], Batch [3455/4125], Loss: 5.4591
Epoch [1], Batch [3460/4125], Loss: 5.3801
Epoch [1], Batch [3465/4125], Loss: 5.4568
Epoch [1], Batch [3470/4125], Loss: 5.4460
Epoch [1], Batch [3475/4125], Loss: 5.3716
Epoch [1], Batch [3480/4125], Loss: 5.4373
Epoch [1], Batch [3485/4125], Loss: 5.3690
Epoch [1], Batch [3490/4125], Loss: 5.4129
Epoch [1], Batch [3495/4125], Loss: 5.4130
Epoch [1], Batch [3500/4125], Loss: 5.4318
Epoch [1], Batch [3505/4125], Loss: 5.3820
Epoch [1], Batch [3510/4125], Loss: 5.4054
Epoch [1], Batch [3515/4125], Loss: 5.4632
Epoch [1], Batch [3520/4125], Loss: 5.4321
Epoch [1], Batch [3525/4125], Loss: 5.3675
Epoch [1], Batch [3530/4125], Loss: 5.4098
Epoch [1], Batch [3535/4125], Loss: 5.4257
Epoch [1], Batch [3540/4125], Loss: 5.4237
Epoch [1], Batch [3545/4125], Loss: 5.4265
Epoch [1], Batch [3550/4125], Loss: 5.4085
Epoch [1], Batch [3555/4125], Loss: 5.4624
Epoch [1], Batch [3560/4125], Loss: 5.4099
Epoch [1], Batch [3565/4125], Loss: 5.4399
Epoch [1], Batch [3570/4125], Loss: 5.4222
Epoch [1], Batch [3575/4125], Loss: 5.4008
Epoch [1], Batch [3580/4125], Loss: 5.4158
Epoch [1], Batch [3585/4125], Loss: 5.4011
Epoch [1], Batch [3590/4125], Loss: 5.4496
Epoch [1], Batch [3595/4125], Loss: 5.4342
Epoch [1], Batch [3600/4125], Loss: 5.3865
Epoch [1], Batch [3605/4125], Loss: 5.4136
Epoch [1], Batch [3610/4125], Loss: 5.3784
Epoch [1], Batch [3615/4125], Loss: 5.4212
W0121 21:26:49.871000 13541 site-packages/torch/distributed/elastic/multiprocessing/api.py:897] Sending process 13678 closing signal SIGTERM
W0121 21:26:49.874000 13541 site-packages/torch/distributed/elastic/multiprocessing/api.py:897] Sending process 13679 closing signal SIGTERM
E0121 21:26:50.039000 13541 site-packages/torch/distributed/elastic/multiprocessing/api.py:869] failed (exitcode: -9) local_rank: 0 (pid: 13675) of binary: /home/min/a/aholla/miniconda3/envs/macising/bin/python
Traceback (most recent call last):
  File "/home/min/a/aholla/miniconda3/envs/macising/bin/torchrun", line 8, in <module>
    sys.exit(main())
  File "/home/min/a/aholla/miniconda3/envs/macising/lib/python3.10/site-packages/torch/distributed/elastic/multiprocessing/errors/__init__.py", line 355, in wrapper
    return f(*args, **kwargs)
  File "/home/min/a/aholla/miniconda3/envs/macising/lib/python3.10/site-packages/torch/distributed/run.py", line 919, in main
    run(args)
  File "/home/min/a/aholla/miniconda3/envs/macising/lib/python3.10/site-packages/torch/distributed/run.py", line 910, in run
    elastic_launch(
  File "/home/min/a/aholla/miniconda3/envs/macising/lib/python3.10/site-packages/torch/distributed/launcher/api.py", line 138, in __call__
    return launch_agent(self._config, self._entrypoint, list(args))
  File "/home/min/a/aholla/miniconda3/envs/macising/lib/python3.10/site-packages/torch/distributed/launcher/api.py", line 269, in launch_agent
    raise ChildFailedError(
torch.distributed.elastic.multiprocessing.errors.ChildFailedError: 
======================================================
gnn_ar_ddp.py FAILED
------------------------------------------------------
Failures:
[1]:
  time      : 2025-01-21_21:26:49
  host      : cbric-gpu15.ecn.purdue.edu
  rank      : 1 (local_rank: 1)
  exitcode  : -9 (pid: 13677)
  error_file: <N/A>
  traceback : Signal 9 (SIGKILL) received by PID 13677
------------------------------------------------------
Root Cause (first observed failure):
[0]:
  time      : 2025-01-21_21:26:49
  host      : cbric-gpu15.ecn.purdue.edu
  rank      : 0 (local_rank: 0)
  exitcode  : -9 (pid: 13675)
  error_file: <N/A>
  traceback : Signal 9 (SIGKILL) received by PID 13675
======================================================
W0122 15:39:51.976000 47961 site-packages/torch/distributed/run.py:793] 
W0122 15:39:51.976000 47961 site-packages/torch/distributed/run.py:793] *****************************************
W0122 15:39:51.976000 47961 site-packages/torch/distributed/run.py:793] Setting OMP_NUM_THREADS environment variable for each process to be 1 in default, to avoid your system being overloaded, please further tune the variable for optimal performance in your application as needed. 
W0122 15:39:51.976000 47961 site-packages/torch/distributed/run.py:793] *****************************************
[Pretrain][Epoch 1/15] Loss=0.0370
[Pretrain][Epoch 2/15] Loss=0.0275
[Pretrain][Epoch 3/15] Loss=0.0243
[Pretrain][Epoch 4/15] Loss=0.0220
[Pretrain][Epoch 5/15] Loss=0.0210
[Pretrain][Epoch 6/15] Loss=0.0198
[Pretrain][Epoch 7/15] Loss=0.0186
[Pretrain][Epoch 8/15] Loss=0.0177
[Pretrain][Epoch 9/15] Loss=0.0171
[Pretrain][Epoch 10/15] Loss=0.0160
[Pretrain][Epoch 11/15] Loss=0.0157
[Pretrain][Epoch 12/15] Loss=0.0148
